C:\Program Files (x86)\Microsoft Visual Studio\2017\Community\Common7\IDE\VC\VCTargets\Microsoft.CppBuild.targets(387,5): warning MSB8028: The intermediate directory (Debug\) contains files shared from another project (Data Structures.vcxproj).  This can lead to incorrect clean and rebuild behavior.
  SortingAlgorithms.c
  QuadraticProbing.c
c:\users\dell\documents\visual studio 2017\projects\linkedlist\linkedlist\quadraticprobing.c(37): warning C4047: 'function': 'const char *' differs in levels of indirection from 'int'
c:\users\dell\documents\visual studio 2017\projects\linkedlist\linkedlist\quadraticprobing.c(37): warning C4024: 'strcpy': different types for formal and actual parameter 2
c:\users\dell\documents\visual studio 2017\projects\linkedlist\linkedlist\quadraticprobing.c(41): warning C4013: 'fmod' undefined; assuming extern returning int
c:\users\dell\documents\visual studio 2017\projects\linkedlist\linkedlist\quadraticprobing.c(37): warning C4996: 'strcpy': This function or variable may be unsafe. Consider using strcpy_s instead. To disable deprecation, use _CRT_SECURE_NO_WARNINGS. See online help for details.
  c:\program files (x86)\windows kits\10\include\10.0.15063.0\ucrt\string.h(136): note: see declaration of 'strcpy'
  OpenAddressing.c
c:\users\dell\documents\visual studio 2017\projects\linkedlist\linkedlist\openaddressing.c(19): warning C4018: '<': signed/unsigned mismatch
c:\users\dell\documents\visual studio 2017\projects\linkedlist\linkedlist\openaddressing.c(36): warning C4996: 'strcpy': This function or variable may be unsafe. Consider using strcpy_s instead. To disable deprecation, use _CRT_SECURE_NO_WARNINGS. See online help for details.
  c:\program files (x86)\windows kits\10\include\10.0.15063.0\ucrt\string.h(136): note: see declaration of 'strcpy'
  LinkedListStack.c
  LinkedList.c
c:\users\dell\documents\visual studio 2017\projects\linkedlist\linkedlist\linkedlist.c(41): warning C4013: 'malloc' undefined; assuming extern returning int
c:\users\dell\documents\visual studio 2017\projects\linkedlist\linkedlist\linkedlist.c(68): warning C4013: 'free' undefined; assuming extern returning int
c:\users\dell\documents\visual studio 2017\projects\linkedlist\linkedlist\linkedlist.c(269): warning C4013: 'system' undefined; assuming extern returning int
  LinearProbing.c
c:\users\dell\documents\visual studio 2017\projects\linkedlist\linkedlist\linearprobing.c(52): warning C4047: 'function': 'const char *' differs in levels of indirection from 'int'
c:\users\dell\documents\visual studio 2017\projects\linkedlist\linkedlist\linearprobing.c(52): warning C4024: 'strcpy': different types for formal and actual parameter 2
c:\users\dell\documents\visual studio 2017\projects\linkedlist\linkedlist\linearprobing.c(52): warning C4996: 'strcpy': This function or variable may be unsafe. Consider using strcpy_s instead. To disable deprecation, use _CRT_SECURE_NO_WARNINGS. See online help for details.
  c:\program files (x86)\windows kits\10\include\10.0.15063.0\ucrt\string.h(136): note: see declaration of 'strcpy'
  DoubleHashing.c
c:\users\dell\documents\visual studio 2017\projects\linkedlist\linkedlist\doublehashing.c(38): warning C4047: 'function': 'const char *' differs in levels of indirection from 'int'
c:\users\dell\documents\visual studio 2017\projects\linkedlist\linkedlist\doublehashing.c(38): warning C4024: 'strcpy': different types for formal and actual parameter 2
c:\users\dell\documents\visual studio 2017\projects\linkedlist\linkedlist\doublehashing.c(42): warning C4013: 'fmod' undefined; assuming extern returning int
c:\users\dell\documents\visual studio 2017\projects\linkedlist\linkedlist\doublehashing.c(38): warning C4996: 'strcpy': This function or variable may be unsafe. Consider using strcpy_s instead. To disable deprecation, use _CRT_SECURE_NO_WARNINGS. See online help for details.
  c:\program files (x86)\windows kits\10\include\10.0.15063.0\ucrt\string.h(136): note: see declaration of 'strcpy'
  BinaryTree.c
c:\users\dell\documents\visual studio 2017\projects\linkedlist\linkedlist\binarytree.c(73): warning C4013: 'search' undefined; assuming extern returning int
  ArrayStack.c
  ArrayQueue.c
c:\users\dell\documents\visual studio 2017\projects\linkedlist\linkedlist\arrayqueue.c(94): warning C4047: 'initializing': 'int' differs in levels of indirection from 'void *'
  Generating Code...
c:\users\dell\documents\visual studio 2017\projects\linkedlist\linkedlist\linkedlist.c(140): warning C4716: 'merge_lists': must return a value
  LinkedListQueue.cpp
LinearProbing.obj : error LNK2005: _empty already defined in DoubleHashing.obj
LinearProbing.obj : error LNK2005: _enter already defined in DoubleHashing.obj
LinearProbing.obj : error LNK2005: _print_table already defined in DoubleHashing.obj
LinkedList.obj : error LNK2005: _main already defined in ArrayQueue.obj
LinkedList.obj : error LNK2005: _size already defined in ArrayQueue.obj
LinkedListQueue.obj : error LNK2005: _main already defined in ArrayQueue.obj
LinkedListStack.obj : error LNK2005: _contains already defined in ArrayQueue.obj
LinkedListStack.obj : error LNK2005: _is_empty already defined in ArrayQueue.obj
LinkedListStack.obj : error LNK2005: _main already defined in ArrayQueue.obj
LinkedListStack.obj : error LNK2005: _peek already defined in ArrayQueue.obj
LinkedListStack.obj : error LNK2005: _size already defined in ArrayQueue.obj
OpenAddressing.obj : error LNK2005: _address already defined in LinearProbing.obj
OpenAddressing.obj : error LNK2005: _enter already defined in DoubleHashing.obj
OpenAddressing.obj : error LNK2005: _print_table already defined in DoubleHashing.obj
QuadraticProbing.obj : error LNK2005: _address already defined in LinearProbing.obj
QuadraticProbing.obj : error LNK2005: _empty already defined in DoubleHashing.obj
QuadraticProbing.obj : error LNK2005: _enter already defined in DoubleHashing.obj
QuadraticProbing.obj : error LNK2005: _print_table already defined in DoubleHashing.obj
SortingAlgorithms.obj : error LNK2005: _main already defined in ArrayQueue.obj
ArrayStack.obj : error LNK2005: _contains already defined in ArrayQueue.obj
ArrayStack.obj : error LNK2005: _init_stack already defined in LinkedListStack.obj
ArrayStack.obj : error LNK2005: _is_empty already defined in ArrayQueue.obj
ArrayStack.obj : error LNK2005: _is_full already defined in ArrayQueue.obj
ArrayStack.obj : error LNK2005: _main already defined in ArrayQueue.obj
ArrayStack.obj : error LNK2005: _peek already defined in ArrayQueue.obj
ArrayStack.obj : error LNK2005: _pop already defined in LinkedListStack.obj
ArrayStack.obj : error LNK2005: _print_stack already defined in LinkedListStack.obj
ArrayStack.obj : error LNK2005: _push already defined in LinkedListStack.obj
ArrayStack.obj : error LNK2005: _size already defined in ArrayQueue.obj
C:\Users\DELL\documents\visual studio 2017\Projects\LinkedList\Debug\Data Structures and Sorting Algorithms.exe : fatal error LNK1169: one or more multiply defined symbols found
